[2021-09-02 13:58:50.322] [INFO] [main] com.delphi.nice.training.controller.Main [Main.java:19] app start
[2021-09-02 13:59:26.514] [INFO] [main] com.delphi.nice.training.controller.Main [Main.java:19] app start
[2021-09-02 13:59:26.702] [DEBUG] [main] org.springframework.context.annotation.AnnotationConfigApplicationContext [AbstractApplicationContext.java:596] Refreshing org.springframework.context.annotation.AnnotationConfigApplicationContext@566776ad
[2021-09-02 13:59:26.717] [DEBUG] [main] org.springframework.beans.factory.support.DefaultListableBeanFactory [DefaultSingletonBeanRegistry.java:225] Creating shared instance of singleton bean 'org.springframework.context.annotation.internalConfigurationAnnotationProcessor'
[2021-09-02 13:59:26.780] [DEBUG] [main] org.springframework.context.annotation.ClassPathBeanDefinitionScanner [ClassPathScanningCandidateComponentProvider.java:435] Identified candidate component class: file [D:\GitHub\ParkingApplication\parking-core\target\classes\com\delphi\nice\training\service\ExitServiceImpl.class]
[2021-09-02 13:59:26.780] [DEBUG] [main] org.springframework.context.annotation.ClassPathBeanDefinitionScanner [ClassPathScanningCandidateComponentProvider.java:435] Identified candidate component class: file [D:\GitHub\ParkingApplication\parking-core\target\classes\com\delphi\nice\training\service\IntroduceServiceImpl.class]
[2021-09-02 13:59:26.780] [DEBUG] [main] org.springframework.context.annotation.ClassPathBeanDefinitionScanner [ClassPathScanningCandidateComponentProvider.java:435] Identified candidate component class: file [D:\GitHub\ParkingApplication\parking-core\target\classes\com\delphi\nice\training\service\ParkingServiceImpl.class]
[2021-09-02 13:59:26.780] [DEBUG] [main] org.springframework.context.annotation.ClassPathBeanDefinitionScanner [ClassPathScanningCandidateComponentProvider.java:435] Identified candidate component class: file [D:\GitHub\ParkingApplication\parking-core\target\classes\com\delphi\nice\training\service\TicketServiceImpl.class]
[2021-09-02 13:59:26.873] [DEBUG] [main] org.springframework.beans.factory.support.DefaultListableBeanFactory [DefaultSingletonBeanRegistry.java:225] Creating shared instance of singleton bean 'org.springframework.context.event.internalEventListenerProcessor'
[2021-09-02 13:59:26.873] [DEBUG] [main] org.springframework.beans.factory.support.DefaultListableBeanFactory [DefaultSingletonBeanRegistry.java:225] Creating shared instance of singleton bean 'org.springframework.context.event.internalEventListenerFactory'
[2021-09-02 13:59:26.889] [DEBUG] [main] org.springframework.beans.factory.support.DefaultListableBeanFactory [DefaultSingletonBeanRegistry.java:225] Creating shared instance of singleton bean 'org.springframework.context.annotation.internalAutowiredAnnotationProcessor'
[2021-09-02 13:59:26.889] [DEBUG] [main] org.springframework.beans.factory.support.DefaultListableBeanFactory [DefaultSingletonBeanRegistry.java:225] Creating shared instance of singleton bean 'org.springframework.context.annotation.internalCommonAnnotationProcessor'
[2021-09-02 13:59:26.889] [DEBUG] [main] org.springframework.beans.factory.support.DefaultListableBeanFactory [DefaultSingletonBeanRegistry.java:225] Creating shared instance of singleton bean 'applicationConfig'
[2021-09-02 13:59:26.889] [DEBUG] [main] org.springframework.beans.factory.support.DefaultListableBeanFactory [DefaultSingletonBeanRegistry.java:225] Creating shared instance of singleton bean 'exitServiceImpl'
[2021-09-02 13:59:26.905] [DEBUG] [main] org.springframework.core.env.PropertySourcesPropertyResolver [PropertySourcesPropertyResolver.java:115] Found key 'path.ticket' in PropertySource 'class path resource [application.properties]' with value of type String
[2021-09-02 13:59:26.920] [DEBUG] [main] org.springframework.core.env.PropertySourcesPropertyResolver [PropertySourcesPropertyResolver.java:115] Found key 'path.parking' in PropertySource 'class path resource [application.properties]' with value of type String
[2021-09-02 13:59:26.920] [DEBUG] [main] org.springframework.beans.factory.support.DefaultListableBeanFactory [DefaultSingletonBeanRegistry.java:225] Creating shared instance of singleton bean 'introduceServiceImpl'
[2021-09-02 13:59:26.936] [DEBUG] [main] org.springframework.beans.factory.support.DefaultListableBeanFactory [DefaultSingletonBeanRegistry.java:225] Creating shared instance of singleton bean 'ticketServiceImpl'
[2021-09-02 13:59:26.936] [DEBUG] [main] org.springframework.beans.factory.support.DefaultListableBeanFactory [DefaultSingletonBeanRegistry.java:225] Creating shared instance of singleton bean 'parkingServiceImpl'
[2021-09-02 13:59:26.936] [DEBUG] [main] org.springframework.core.env.PropertySourcesPropertyResolver [PropertySourcesPropertyResolver.java:115] Found key 'path.parking' in PropertySource 'class path resource [application.properties]' with value of type String
[2021-09-02 13:59:26.952] [DEBUG] [main] org.springframework.core.env.PropertySourcesPropertyResolver [PropertySourcesPropertyResolver.java:115] Found key 'path.ticket' in PropertySource 'class path resource [application.properties]' with value of type String
[2021-09-02 13:59:26.952] [DEBUG] [main] org.springframework.beans.factory.support.DefaultListableBeanFactory [ConstructorResolver.java:807] Autowiring by type from bean name 'ticketServiceImpl' via constructor to bean named 'parkingServiceImpl'
[2021-09-02 13:59:51.294] [INFO] [main] com.delphi.nice.training.controller.Main [Main.java:19] app start
[2021-09-02 14:00:33.426] [INFO] [main] com.delphi.nice.training.controller.Main [Main.java:19] app start
[2021-09-02 14:00:45.737] [INFO] [main] com.delphi.nice.training.controller.Main [Main.java:19] app start
[2021-09-02 14:01:20.850] [INFO] [main] com.delphi.nice.training.controller.Main [Main.java:19] app start
[2021-09-02 14:01:21.303] [INFO] [main] com.delphi.nice.training.service.IntroduceServiceImpl [IntroduceServiceImpl.java:26] Hello, do you want to park or leave?(P/L)
